System.IO.FileNotFoundException: Could not find file 'C:\Program Files (x86)\IIS Express\hotDinner_version1.csv'.
File name: 'C:\Program Files (x86)\IIS Express\hotDinner_version1.csv'
   at System.IO.__Error.WinIOError(Int32 errorCode, String maybeFullPath)
   at System.IO.FileStream.Init(String path, FileMode mode, FileAccess access, Int32 rights, Boolean useRights, FileShare share, Int32 bufferSize, FileOptions options, SECURITY_ATTRIBUTES secAttrs, String msgPath, Boolean bFromProxy, Boolean useLongPath, Boolean checkHost)
   at System.IO.FileStream..ctor(String path, FileMode mode, FileAccess access, FileShare share, Int32 bufferSize, FileOptions options, String msgPath, Boolean bFromProxy, Boolean useLongPath, Boolean checkHost)
   at System.IO.StreamReader..ctor(String path, Encoding encoding, Boolean detectEncodingFromByteOrderMarks, Int32 bufferSize, Boolean checkHost)
   at System.IO.StreamReader..ctor(String path)
   at Planbow.Data.Helpers.CsvUtility.ParseCsv(String path) in c:\dev\git\Planbow\Planbow.Data\Helpers\CsvUtility.cs:line 56
System.IO.FileNotFoundException: Could not find file 'C:\Program Files (x86)\IIS Express\hotDinner_version1.csv'.
File name: 'C:\Program Files (x86)\IIS Express\hotDinner_version1.csv'
   at System.IO.__Error.WinIOError(Int32 errorCode, String maybeFullPath)
   at System.IO.FileStream.Init(String path, FileMode mode, FileAccess access, Int32 rights, Boolean useRights, FileShare share, Int32 bufferSize, FileOptions options, SECURITY_ATTRIBUTES secAttrs, String msgPath, Boolean bFromProxy, Boolean useLongPath, Boolean checkHost)
   at System.IO.FileStream..ctor(String path, FileMode mode, FileAccess access, FileShare share, Int32 bufferSize, FileOptions options, String msgPath, Boolean bFromProxy, Boolean useLongPath, Boolean checkHost)
   at System.IO.StreamReader..ctor(String path, Encoding encoding, Boolean detectEncodingFromByteOrderMarks, Int32 bufferSize, Boolean checkHost)
   at System.IO.StreamReader..ctor(String path)
   at Planbow.Data.Helpers.CsvUtility.ParseCsv(String path) in c:\dev\git\Planbow\Planbow.Data\Helpers\CsvUtility.cs:line 56
System.IO.FileNotFoundException: Could not find file 'C:\Program Files (x86)\IIS Express\hotDinner_version1.csv'.
File name: 'C:\Program Files (x86)\IIS Express\hotDinner_version1.csv'
   at System.IO.__Error.WinIOError(Int32 errorCode, String maybeFullPath)
   at System.IO.FileStream.Init(String path, FileMode mode, FileAccess access, Int32 rights, Boolean useRights, FileShare share, Int32 bufferSize, FileOptions options, SECURITY_ATTRIBUTES secAttrs, String msgPath, Boolean bFromProxy, Boolean useLongPath, Boolean checkHost)
   at System.IO.FileStream..ctor(String path, FileMode mode, FileAccess access, FileShare share, Int32 bufferSize, FileOptions options, String msgPath, Boolean bFromProxy, Boolean useLongPath, Boolean checkHost)
   at System.IO.StreamReader..ctor(String path, Encoding encoding, Boolean detectEncodingFromByteOrderMarks, Int32 bufferSize, Boolean checkHost)
   at System.IO.StreamReader..ctor(String path)
   at Planbow.Data.Helpers.CsvUtility.ParseCsv(String path) in c:\dev\git\Planbow\Planbow.Data\Helpers\CsvUtility.cs:line 56
System.IO.FileNotFoundException: Could not find file 'C:\Program Files (x86)\IIS Express\hotDinner_version1.csv'.
File name: 'C:\Program Files (x86)\IIS Express\hotDinner_version1.csv'
   at System.IO.__Error.WinIOError(Int32 errorCode, String maybeFullPath)
   at System.IO.FileStream.Init(String path, FileMode mode, FileAccess access, Int32 rights, Boolean useRights, FileShare share, Int32 bufferSize, FileOptions options, SECURITY_ATTRIBUTES secAttrs, String msgPath, Boolean bFromProxy, Boolean useLongPath, Boolean checkHost)
   at System.IO.FileStream..ctor(String path, FileMode mode, FileAccess access, FileShare share, Int32 bufferSize, FileOptions options, String msgPath, Boolean bFromProxy, Boolean useLongPath, Boolean checkHost)
   at System.IO.StreamReader..ctor(String path, Encoding encoding, Boolean detectEncodingFromByteOrderMarks, Int32 bufferSize, Boolean checkHost)
   at System.IO.StreamReader..ctor(String path)
   at Planbow.Data.Helpers.CsvUtility.ParseCsv(String path) in c:\dev\git\Planbow\Planbow.Data\Helpers\CsvUtility.cs:line 56
System.IO.FileNotFoundException: Could not find file 'C:\Program Files (x86)\IIS Express\hotDinner_version1.csv'.
File name: 'C:\Program Files (x86)\IIS Express\hotDinner_version1.csv'
   at System.IO.__Error.WinIOError(Int32 errorCode, String maybeFullPath)
   at System.IO.FileStream.Init(String path, FileMode mode, FileAccess access, Int32 rights, Boolean useRights, FileShare share, Int32 bufferSize, FileOptions options, SECURITY_ATTRIBUTES secAttrs, String msgPath, Boolean bFromProxy, Boolean useLongPath, Boolean checkHost)
   at System.IO.FileStream..ctor(String path, FileMode mode, FileAccess access, FileShare share, Int32 bufferSize, FileOptions options, String msgPath, Boolean bFromProxy, Boolean useLongPath, Boolean checkHost)
   at System.IO.StreamReader..ctor(String path, Encoding encoding, Boolean detectEncodingFromByteOrderMarks, Int32 bufferSize, Boolean checkHost)
   at System.IO.StreamReader..ctor(String path)
   at Planbow.Data.Helpers.CsvUtility.ParseCsv(String path) in c:\dev\git\Planbow\Planbow.Data\Helpers\CsvUtility.cs:line 56
System.IO.FileNotFoundException: Could not find file 'C:\Program Files (x86)\IIS Express\hotDinner_version1.csv'.
File name: 'C:\Program Files (x86)\IIS Express\hotDinner_version1.csv'
   at System.IO.__Error.WinIOError(Int32 errorCode, String maybeFullPath)
   at System.IO.FileStream.Init(String path, FileMode mode, FileAccess access, Int32 rights, Boolean useRights, FileShare share, Int32 bufferSize, FileOptions options, SECURITY_ATTRIBUTES secAttrs, String msgPath, Boolean bFromProxy, Boolean useLongPath, Boolean checkHost)
   at System.IO.FileStream..ctor(String path, FileMode mode, FileAccess access, FileShare share, Int32 bufferSize, FileOptions options, String msgPath, Boolean bFromProxy, Boolean useLongPath, Boolean checkHost)
   at System.IO.StreamReader..ctor(String path, Encoding encoding, Boolean detectEncodingFromByteOrderMarks, Int32 bufferSize, Boolean checkHost)
   at System.IO.StreamReader..ctor(String path)
   at Planbow.Data.Helpers.CsvUtility.ParseCsv(String path) in c:\dev\git\Planbow\Planbow.Data\Helpers\CsvUtility.cs:line 56
System.IO.FileNotFoundException: Could not find file 'C:\Program Files (x86)\IIS Express\hotDinner_version1.csv'.
File name: 'C:\Program Files (x86)\IIS Express\hotDinner_version1.csv'
   at System.IO.__Error.WinIOError(Int32 errorCode, String maybeFullPath)
   at System.IO.FileStream.Init(String path, FileMode mode, FileAccess access, Int32 rights, Boolean useRights, FileShare share, Int32 bufferSize, FileOptions options, SECURITY_ATTRIBUTES secAttrs, String msgPath, Boolean bFromProxy, Boolean useLongPath, Boolean checkHost)
   at System.IO.FileStream..ctor(String path, FileMode mode, FileAccess access, FileShare share, Int32 bufferSize, FileOptions options, String msgPath, Boolean bFromProxy, Boolean useLongPath, Boolean checkHost)
   at System.IO.StreamReader..ctor(String path, Encoding encoding, Boolean detectEncodingFromByteOrderMarks, Int32 bufferSize, Boolean checkHost)
   at System.IO.StreamReader..ctor(String path)
   at Planbow.Data.Helpers.CsvUtility.ParseCsv(String path) in c:\dev\git\Planbow\Planbow.Data\Helpers\CsvUtility.cs:line 56
System.ArgumentNullException: Value cannot be null.
Parameter name: stream
   at System.IO.StreamReader..ctor(Stream stream, Encoding encoding, Boolean detectEncodingFromByteOrderMarks, Int32 bufferSize, Boolean leaveOpen)
   at System.IO.StreamReader..ctor(Stream stream)
   at Planbow.Data.Helpers.CsvUtility.ParseCsv(Stream stream) in c:\dev\git\Planbow\Planbow.Data\Helpers\CsvUtility.cs:line 82
System.ArgumentNullException: Value cannot be null.
Parameter name: stream
   at System.IO.StreamReader..ctor(Stream stream, Encoding encoding, Boolean detectEncodingFromByteOrderMarks, Int32 bufferSize, Boolean leaveOpen)
   at System.IO.StreamReader..ctor(Stream stream)
   at Planbow.Data.Helpers.CsvUtility.ParseCsv(Stream stream) in c:\dev\git\Planbow\Planbow.Data\Helpers\CsvUtility.cs:line 82
System.ArgumentException: Stream was not readable.
   at System.IO.StreamReader..ctor(Stream stream, Encoding encoding, Boolean detectEncodingFromByteOrderMarks, Int32 bufferSize, Boolean leaveOpen)
   at System.IO.StreamReader..ctor(Stream stream)
   at Planbow.Data.Helpers.CsvUtility.ParseCsv(Stream stream) in c:\dev\git\Planbow\Planbow.Data\Helpers\CsvUtility.cs:line 83
